<?xml version="1.0" encoding="UTF-8"?>
<!-- Generated by org.testng.reporters.JUnitXMLReporter -->
<testsuite hostname="INLN56579633A" ignored="0" name="Test" tests="4" failures="0" timestamp="20 Jan 2019 10:06:39 GMT" time="0.093" errors="0">
  <testcase name="TestMethod1" time="0.007" classname="com.practice.testng.TestBeforeAfter"/>
  <testcase name="TestMethod2" time="0.003" classname="com.practice.testng.TestBeforeAfter"/>
  <testcase name="TestMethod3" time="0.007" classname="com.practice.testng.TestBeforeAfter"/>
  <testcase name="TestMethod4" time="0.01" classname="com.practice.testng.TestBeforeAfter"/>
</testsuite> <!-- Test -->
