<?xml version="1.0" encoding="UTF-8"?>
<!-- Generated by org.testng.reporters.JUnitXMLReporter -->
<testsuite hostname="INLN56579633A" ignored="0" name="Default test" tests="4" failures="0" timestamp="12 Jun 2019 10:07:43 GMT" time="66.851" errors="0">
  <testcase name="testLogin" time="15.678" classname="com.practice.testng.DataproviderTest"/>
  <testcase name="testLogin" time="14.656" classname="com.practice.testng.DataproviderTest"/>
  <testcase name="testLogin" time="14.55" classname="com.practice.testng.DataproviderTest"/>
  <testcase name="testLogin" time="13.977" classname="com.practice.testng.DataproviderTest"/>
</testsuite> <!-- Default test -->
