<?xml version="1.0" encoding="UTF-8"?>
<!-- Generated by org.testng.reporters.JUnitXMLReporter -->
<testsuite hostname="INLN56579633A" ignored="4" name="MyTESTNGTest" tests="1" failures="0" timestamp="12 Jun 2019 09:54:45 GMT" time="0.073" errors="0">
  <testcase name="TestMethod3" time="0.021" classname="com.practice.testng.TestBeforeAfter"/>
  <testcase name="TestMethod2" time="0.0" classname="com.practice.testng.TestBeforeAfter">
    <ignored/>
  </testcase> <!-- TestMethod2 -->
  <testcase name="TestMethod1" time="0.0" classname="com.practice.testng.TestBeforeAfter">
    <ignored/>
  </testcase> <!-- TestMethod1 -->
  <testcase name="TestMethod4" time="0.0" classname="com.practice.testng.TestBeforeAfter">
    <ignored/>
  </testcase> <!-- TestMethod4 -->
  <testcase name="findTitle" time="0.0" classname="com.practice.testng.AnnotationsTest">
    <ignored/>
  </testcase> <!-- findTitle -->
</testsuite> <!-- MyTESTNGTest -->
